<?xml version="1.0" encoding="UTF-8"?>
<testsuite xmlns:xsi="http://www.w3.org/2001/XMLSchema-instance" xsi:noNamespaceSchemaLocation="https://maven.apache.org/surefire/maven-surefire-plugin/xsd/surefire-test-report.xsd" name="tw.jsl.JavaProjectTHU.FileIOTest" time="2.49" tests="5" errors="0" skipped="0" failures="0">
  <properties>
[...]
</properties>
  <testcase name="testFileIO_writeFile_str_target" classname="tw.jsl.JavaProjectTHU.FileIOTest" time="0.805"/>
  <testcase name="testFileIO_openFile_str_isDirectory" classname="tw.jsl.JavaProjectTHU.FileIOTest" time="0.012"/>
  <testcase name="testFileIO_openFile_str_isReal" classname="tw.jsl.JavaProjectTHU.FileIOTest" time="1.617"/>
  <testcase name="testFileIO_newFile" classname="tw.jsl.JavaProjectTHU.FileIOTest" time="0.007"/>
  <testcase name="testFileIO_plainOpen" classname="tw.jsl.JavaProjectTHU.FileIOTest" time="0.003"/>
</testsuite>